Analysis & Synthesis report for MiniProj_Demo
Tue Apr 16 11:58:57 2024
Quartus Prime Version 23.1std.0 Build 991 11/28/2023 SC Lite Edition


---------------------
; Table of Contents ;
---------------------
  1. Legal Notice
  2. Analysis & Synthesis Summary
  3. Analysis & Synthesis Settings
  4. Parallel Compilation
  5. Analysis & Synthesis Source Files Read
  6. Analysis & Synthesis Resource Usage Summary
  7. Analysis & Synthesis Resource Utilization by Entity
  8. User-Specified and Inferred Latches
  9. Registers Removed During Synthesis
 10. General Register Statistics
 11. Post-Synthesis Netlist Statistics for Top Partition
 12. Elapsed Time Per Partition
 13. Analysis & Synthesis Messages



----------------
; Legal Notice ;
----------------
Copyright (C) 2023  Intel Corporation. All rights reserved.
Your use of Intel Corporation's design tools, logic functions 
and other software and tools, and any partner logic 
functions, and any output files from any of the foregoing 
(including device programming or simulation files), and any 
associated documentation or information are expressly subject 
to the terms and conditions of the Intel Program License 
Subscription Agreement, the Intel Quartus Prime License Agreement,
the Intel FPGA IP License Agreement, or other applicable license
agreement, including, without limitation, that your use is for
the sole purpose of programming logic devices manufactured by
Intel and sold by Intel or its authorized distributors.  Please
refer to the applicable agreement for further details, at
https://fpgasoftware.intel.com/eula.



+-------------------------------------------------------------------------------------+
; Analysis & Synthesis Summary                                                        ;
+------------------------------------+------------------------------------------------+
; Analysis & Synthesis Status        ; Successful - Tue Apr 16 11:58:57 2024          ;
; Quartus Prime Version              ; 23.1std.0 Build 991 11/28/2023 SC Lite Edition ;
; Revision Name                      ; MiniProj_Demo                                  ;
; Top-level Entity Name              ; MiniProj_Demo                                  ;
; Family                             ; Cyclone IV E                                   ;
; Total logic elements               ; 53                                             ;
;     Total combinational functions  ; 53                                             ;
;     Dedicated logic registers      ; 25                                             ;
; Total registers                    ; 25                                             ;
; Total pins                         ; 18                                             ;
; Total virtual pins                 ; 0                                              ;
; Total memory bits                  ; 0                                              ;
; Embedded Multiplier 9-bit elements ; 0                                              ;
; Total PLLs                         ; 0                                              ;
+------------------------------------+------------------------------------------------+


+------------------------------------------------------------------------------------------------------------+
; Analysis & Synthesis Settings                                                                              ;
+------------------------------------------------------------------+--------------------+--------------------+
; Option                                                           ; Setting            ; Default Value      ;
+------------------------------------------------------------------+--------------------+--------------------+
; Device                                                           ; EP4CE115F29C7      ;                    ;
; Top-level entity name                                            ; MiniProj_Demo      ; MiniProj_Demo      ;
; Family name                                                      ; Cyclone IV E       ; Cyclone V          ;
; Use smart compilation                                            ; Off                ; Off                ;
; Enable parallel Assembler and Timing Analyzer during compilation ; On                 ; On                 ;
; Enable compact report table                                      ; Off                ; Off                ;
; Restructure Multiplexers                                         ; Auto               ; Auto               ;
; Create Debugging Nodes for IP Cores                              ; Off                ; Off                ;
; Preserve fewer node names                                        ; On                 ; On                 ;
; Intel FPGA IP Evaluation Mode                                    ; Enable             ; Enable             ;
; Verilog Version                                                  ; Verilog_2001       ; Verilog_2001       ;
; VHDL Version                                                     ; VHDL_1993          ; VHDL_1993          ;
; State Machine Processing                                         ; Auto               ; Auto               ;
; Safe State Machine                                               ; Off                ; Off                ;
; Extract Verilog State Machines                                   ; On                 ; On                 ;
; Extract VHDL State Machines                                      ; On                 ; On                 ;
; Ignore Verilog initial constructs                                ; Off                ; Off                ;
; Iteration limit for constant Verilog loops                       ; 5000               ; 5000               ;
; Iteration limit for non-constant Verilog loops                   ; 250                ; 250                ;
; Add Pass-Through Logic to Inferred RAMs                          ; On                 ; On                 ;
; Infer RAMs from Raw Logic                                        ; On                 ; On                 ;
; Parallel Synthesis                                               ; On                 ; On                 ;
; DSP Block Balancing                                              ; Auto               ; Auto               ;
; NOT Gate Push-Back                                               ; On                 ; On                 ;
; Power-Up Don't Care                                              ; On                 ; On                 ;
; Remove Redundant Logic Cells                                     ; Off                ; Off                ;
; Remove Duplicate Registers                                       ; On                 ; On                 ;
; Ignore CARRY Buffers                                             ; Off                ; Off                ;
; Ignore CASCADE Buffers                                           ; Off                ; Off                ;
; Ignore GLOBAL Buffers                                            ; Off                ; Off                ;
; Ignore ROW GLOBAL Buffers                                        ; Off                ; Off                ;
; Ignore LCELL Buffers                                             ; Off                ; Off                ;
; Ignore SOFT Buffers                                              ; On                 ; On                 ;
; Limit AHDL Integers to 32 Bits                                   ; Off                ; Off                ;
; Optimization Technique                                           ; Balanced           ; Balanced           ;
; Carry Chain Length                                               ; 70                 ; 70                 ;
; Auto Carry Chains                                                ; On                 ; On                 ;
; Auto Open-Drain Pins                                             ; On                 ; On                 ;
; Perform WYSIWYG Primitive Resynthesis                            ; Off                ; Off                ;
; Auto ROM Replacement                                             ; On                 ; On                 ;
; Auto RAM Replacement                                             ; On                 ; On                 ;
; Auto DSP Block Replacement                                       ; On                 ; On                 ;
; Auto Shift Register Replacement                                  ; Auto               ; Auto               ;
; Allow Shift Register Merging across Hierarchies                  ; Auto               ; Auto               ;
; Auto Clock Enable Replacement                                    ; On                 ; On                 ;
; Strict RAM Replacement                                           ; Off                ; Off                ;
; Allow Synchronous Control Signals                                ; On                 ; On                 ;
; Force Use of Synchronous Clear Signals                           ; Off                ; Off                ;
; Auto RAM Block Balancing                                         ; On                 ; On                 ;
; Auto RAM to Logic Cell Conversion                                ; Off                ; Off                ;
; Auto Resource Sharing                                            ; Off                ; Off                ;
; Allow Any RAM Size For Recognition                               ; Off                ; Off                ;
; Allow Any ROM Size For Recognition                               ; Off                ; Off                ;
; Allow Any Shift Register Size For Recognition                    ; Off                ; Off                ;
; Use LogicLock Constraints during Resource Balancing              ; On                 ; On                 ;
; Ignore translate_off and synthesis_off directives                ; Off                ; Off                ;
; Timing-Driven Synthesis                                          ; On                 ; On                 ;
; Report Parameter Settings                                        ; On                 ; On                 ;
; Report Source Assignments                                        ; On                 ; On                 ;
; Report Connectivity Checks                                       ; On                 ; On                 ;
; Ignore Maximum Fan-Out Assignments                               ; Off                ; Off                ;
; Synchronization Register Chain Length                            ; 2                  ; 2                  ;
; Power Optimization During Synthesis                              ; Normal compilation ; Normal compilation ;
; HDL message level                                                ; Level2             ; Level2             ;
; Suppress Register Optimization Related Messages                  ; Off                ; Off                ;
; Number of Removed Registers Reported in Synthesis Report         ; 5000               ; 5000               ;
; Number of Swept Nodes Reported in Synthesis Report               ; 5000               ; 5000               ;
; Number of Inverted Registers Reported in Synthesis Report        ; 100                ; 100                ;
; Clock MUX Protection                                             ; On                 ; On                 ;
; Auto Gated Clock Conversion                                      ; Off                ; Off                ;
; Block Design Naming                                              ; Auto               ; Auto               ;
; SDC constraint protection                                        ; Off                ; Off                ;
; Synthesis Effort                                                 ; Auto               ; Auto               ;
; Shift Register Replacement - Allow Asynchronous Clear Signal     ; On                 ; On                 ;
; Pre-Mapping Resynthesis Optimization                             ; Off                ; Off                ;
; Analysis & Synthesis Message Level                               ; Medium             ; Medium             ;
; Disable Register Merging Across Hierarchies                      ; Auto               ; Auto               ;
; Resource Aware Inference For Block RAM                           ; On                 ; On                 ;
+------------------------------------------------------------------+--------------------+--------------------+


+------------------------------------------+
; Parallel Compilation                     ;
+----------------------------+-------------+
; Processors                 ; Number      ;
+----------------------------+-------------+
; Number detected on machine ; 16          ;
; Maximum allowed            ; 16          ;
;                            ;             ;
; Average used               ; 1.00        ;
; Maximum used               ; 16          ;
;                            ;             ;
; Usage by Processor         ; % Time Used ;
;     Processor 1            ; 100.0%      ;
;     Processor 2            ;   0.0%      ;
;     Processors 3-16        ;   0.0%      ;
+----------------------------+-------------+


+--------------------------------------------------------------------------------------------------------------------------------------------------------+
; Analysis & Synthesis Source Files Read                                                                                                                 ;
+----------------------------------+-----------------+-----------------+-----------------------------------------------------------------------+---------+
; File Name with User-Entered Path ; Used in Netlist ; File Type       ; File Name with Absolute Path                                          ; Library ;
+----------------------------------+-----------------+-----------------+-----------------------------------------------------------------------+---------+
; SelectProgram.vhd                ; yes             ; User VHDL File  ; C:/Users/joaod/Desktop/2semestre/LSD/MiniProjeto/SelectProgram.vhd    ;         ;
; MiniProj_Demo.vhd                ; yes             ; User VHDL File  ; C:/Users/joaod/Desktop/2semestre/LSD/MiniProjeto/MiniProj_Demo.vhd    ;         ;
; ProgramExecution.vhd             ; yes             ; User VHDL File  ; C:/Users/joaod/Desktop/2semestre/LSD/MiniProjeto/ProgramExecution.vhd ;         ;
+----------------------------------+-----------------+-----------------+-----------------------------------------------------------------------+---------+


+--------------------------------------------------------------+
; Analysis & Synthesis Resource Usage Summary                  ;
+---------------------------------------------+----------------+
; Resource                                    ; Usage          ;
+---------------------------------------------+----------------+
; Estimated Total logic elements              ; 53             ;
;                                             ;                ;
; Total combinational functions               ; 53             ;
; Logic element usage by number of LUT inputs ;                ;
;     -- 4 input functions                    ; 21             ;
;     -- 3 input functions                    ; 3              ;
;     -- <=2 input functions                  ; 29             ;
;                                             ;                ;
; Logic elements by mode                      ;                ;
;     -- normal mode                          ; 30             ;
;     -- arithmetic mode                      ; 23             ;
;                                             ;                ;
; Total registers                             ; 25             ;
;     -- Dedicated logic registers            ; 25             ;
;     -- I/O registers                        ; 0              ;
;                                             ;                ;
; I/O pins                                    ; 18             ;
;                                             ;                ;
; Embedded Multiplier 9-bit elements          ; 0              ;
;                                             ;                ;
; Maximum fan-out node                        ; CLOCK_50~input ;
; Maximum fan-out                             ; 25             ;
; Total fan-out                               ; 232            ;
; Average fan-out                             ; 2.04           ;
+---------------------------------------------+----------------+


+--------------------------------------------------------------------------------------------------------------------------------------------------------------------------------------------------------------------------------------+
; Analysis & Synthesis Resource Utilization by Entity                                                                                                                                                                                  ;
+-------------------------------+---------------------+---------------------------+-------------+--------------+---------+-----------+------+--------------+-----------------------------------------+------------------+--------------+
; Compilation Hierarchy Node    ; Combinational ALUTs ; Dedicated Logic Registers ; Memory Bits ; DSP Elements ; DSP 9x9 ; DSP 18x18 ; Pins ; Virtual Pins ; Full Hierarchy Name                     ; Entity Name      ; Library Name ;
+-------------------------------+---------------------+---------------------------+-------------+--------------+---------+-----------+------+--------------+-----------------------------------------+------------------+--------------+
; |MiniProj_Demo                ; 53 (0)              ; 25 (0)                    ; 0           ; 0            ; 0       ; 0         ; 18   ; 0            ; |MiniProj_Demo                          ; MiniProj_Demo    ; work         ;
;    |ProgramExecution:progexe| ; 51 (51)             ; 25 (25)                   ; 0           ; 0            ; 0       ; 0         ; 0    ; 0            ; |MiniProj_Demo|ProgramExecution:progexe ; ProgramExecution ; work         ;
;    |SelectProgram:selectprog| ; 2 (2)               ; 0 (0)                     ; 0           ; 0            ; 0       ; 0         ; 0    ; 0            ; |MiniProj_Demo|SelectProgram:selectprog ; SelectProgram    ; work         ;
+-------------------------------+---------------------+---------------------------+-------------+--------------+---------+-----------+------+--------------+-----------------------------------------+------------------+--------------+
Note: For table entries with two numbers listed, the numbers in parentheses indicate the number of resources of the given type used by the specific entity alone. The numbers listed outside of parentheses indicate the total resources of the given type used by the specific entity and all of its sub-entities in the hierarchy.


+--------------------------------------------------------------------------------------------------------------------+
; User-Specified and Inferred Latches                                                                                ;
+----------------------------------------------------+--------------------------------------+------------------------+
; Latch Name                                         ; Latch Enable Signal                  ; Free of Timing Hazards ;
+----------------------------------------------------+--------------------------------------+------------------------+
; ProgramExecution:progexe|red_leds[0]               ; ProgramExecution:progexe|red_leds[3] ; yes                    ;
; ProgramExecution:progexe|red_leds[1]               ; ProgramExecution:progexe|red_leds[3] ; yes                    ;
; ProgramExecution:progexe|red_leds[2]               ; ProgramExecution:progexe|red_leds[3] ; yes                    ;
; ProgramExecution:progexe|red_leds[3]               ; ProgramExecution:progexe|red_leds[3] ; yes                    ;
; ProgramExecution:progexe|green_leds[0]             ; ProgramExecution:progexe|Equal1      ; no                     ;
; ProgramExecution:progexe|green_leds[1]             ; ProgramExecution:progexe|Equal1      ; no                     ;
; ProgramExecution:progexe|green_leds[2]             ; ProgramExecution:progexe|Equal1      ; no                     ;
; ProgramExecution:progexe|green_leds[3]             ; ProgramExecution:progexe|Equal1      ; no                     ;
; Number of user-specified and inferred latches = 8  ;                                      ;                        ;
+----------------------------------------------------+--------------------------------------+------------------------+
Note: All latches listed above may not be present at the end of synthesis due to various synthesis optimizations.


+---------------------------------------------------------------------------------------------------+
; Registers Removed During Synthesis                                                                ;
+------------------------------------------+--------------------------------------------------------+
; Register name                            ; Reason for Removal                                     ;
+------------------------------------------+--------------------------------------------------------+
; ProgramExecution:progexe|blink_state_red ; Merged with ProgramExecution:progexe|blink_state_green ;
; Total Number of Removed Registers = 1    ;                                                        ;
+------------------------------------------+--------------------------------------------------------+


+------------------------------------------------------+
; General Register Statistics                          ;
+----------------------------------------------+-------+
; Statistic                                    ; Value ;
+----------------------------------------------+-------+
; Total registers                              ; 25    ;
; Number of registers using Synchronous Clear  ; 0     ;
; Number of registers using Synchronous Load   ; 0     ;
; Number of registers using Asynchronous Clear ; 0     ;
; Number of registers using Asynchronous Load  ; 0     ;
; Number of registers using Clock Enable       ; 0     ;
; Number of registers using Preset             ; 0     ;
+----------------------------------------------+-------+


+-----------------------------------------------------+
; Post-Synthesis Netlist Statistics for Top Partition ;
+-----------------------+-----------------------------+
; Type                  ; Count                       ;
+-----------------------+-----------------------------+
; boundary_port         ; 18                          ;
; cycloneiii_ff         ; 25                          ;
;     plain             ; 25                          ;
; cycloneiii_lcell_comb ; 58                          ;
;     arith             ; 23                          ;
;         2 data inputs ; 23                          ;
;     normal            ; 35                          ;
;         0 data inputs ; 1                           ;
;         1 data inputs ; 5                           ;
;         2 data inputs ; 5                           ;
;         3 data inputs ; 3                           ;
;         4 data inputs ; 21                          ;
;                       ;                             ;
; Max LUT depth         ; 4.30                        ;
; Average LUT depth     ; 3.09                        ;
+-----------------------+-----------------------------+


+-------------------------------+
; Elapsed Time Per Partition    ;
+----------------+--------------+
; Partition Name ; Elapsed Time ;
+----------------+--------------+
; Top            ; 00:00:00     ;
+----------------+--------------+


+-------------------------------+
; Analysis & Synthesis Messages ;
+-------------------------------+
Info: *******************************************************************
Info: Running Quartus Prime Analysis & Synthesis
    Info: Version 23.1std.0 Build 991 11/28/2023 SC Lite Edition
    Info: Processing started: Tue Apr 16 11:58:43 2024
Info: Command: quartus_map --read_settings_files=on --write_settings_files=off MiniProj_Demo -c MiniProj_Demo
Warning (18236): Number of processors has not been specified which may cause overloading on shared machines.  Set the global assignment NUM_PARALLEL_PROCESSORS in your QSF to an appropriate value for best performance.
Info (20030): Parallel compilation is enabled and will use 16 of the 16 processors detected
Info (12021): Found 2 design units, including 1 entities, in source file selectprogram.vhd
    Info (12022): Found design unit 1: SelectProgram-Behavioral File: C:/Users/joaod/Desktop/2semestre/LSD/MiniProjeto/SelectProgram.vhd Line: 12
    Info (12023): Found entity 1: SelectProgram File: C:/Users/joaod/Desktop/2semestre/LSD/MiniProjeto/SelectProgram.vhd Line: 5
Info (12021): Found 2 design units, including 1 entities, in source file miniproj_demo.vhd
    Info (12022): Found design unit 1: MiniProj_Demo-Shell File: C:/Users/joaod/Desktop/2semestre/LSD/MiniProjeto/MiniProj_Demo.vhd Line: 14
    Info (12023): Found entity 1: MiniProj_Demo File: C:/Users/joaod/Desktop/2semestre/LSD/MiniProjeto/MiniProj_Demo.vhd Line: 4
Info (12021): Found 2 design units, including 1 entities, in source file programexecution.vhd
    Info (12022): Found design unit 1: ProgramExecution-Behavioral File: C:/Users/joaod/Desktop/2semestre/LSD/MiniProjeto/ProgramExecution.vhd Line: 14
    Info (12023): Found entity 1: ProgramExecution File: C:/Users/joaod/Desktop/2semestre/LSD/MiniProjeto/ProgramExecution.vhd Line: 5
Info (12127): Elaborating entity "MiniProj_Demo" for the top level hierarchy
Info (12129): Elaborating entity "SelectProgram" using architecture "A:behavioral" for hierarchy "SelectProgram:selectprog" File: C:/Users/joaod/Desktop/2semestre/LSD/MiniProjeto/MiniProj_Demo.vhd Line: 16
Info (12129): Elaborating entity "ProgramExecution" using architecture "A:behavioral" for hierarchy "ProgramExecution:progexe" File: C:/Users/joaod/Desktop/2semestre/LSD/MiniProjeto/MiniProj_Demo.vhd Line: 21
Info (10041): Inferred latch for "green_leds[0]" at ProgramExecution.vhd(37) File: C:/Users/joaod/Desktop/2semestre/LSD/MiniProjeto/ProgramExecution.vhd Line: 37
Info (10041): Inferred latch for "green_leds[1]" at ProgramExecution.vhd(37) File: C:/Users/joaod/Desktop/2semestre/LSD/MiniProjeto/ProgramExecution.vhd Line: 37
Info (10041): Inferred latch for "green_leds[2]" at ProgramExecution.vhd(37) File: C:/Users/joaod/Desktop/2semestre/LSD/MiniProjeto/ProgramExecution.vhd Line: 37
Info (10041): Inferred latch for "green_leds[3]" at ProgramExecution.vhd(37) File: C:/Users/joaod/Desktop/2semestre/LSD/MiniProjeto/ProgramExecution.vhd Line: 37
Info (10041): Inferred latch for "red_leds[0]" at ProgramExecution.vhd(33) File: C:/Users/joaod/Desktop/2semestre/LSD/MiniProjeto/ProgramExecution.vhd Line: 33
Info (10041): Inferred latch for "red_leds[1]" at ProgramExecution.vhd(33) File: C:/Users/joaod/Desktop/2semestre/LSD/MiniProjeto/ProgramExecution.vhd Line: 33
Info (10041): Inferred latch for "red_leds[2]" at ProgramExecution.vhd(33) File: C:/Users/joaod/Desktop/2semestre/LSD/MiniProjeto/ProgramExecution.vhd Line: 33
Info (10041): Inferred latch for "red_leds[3]" at ProgramExecution.vhd(33) File: C:/Users/joaod/Desktop/2semestre/LSD/MiniProjeto/ProgramExecution.vhd Line: 33
Info (13025): Duplicate LATCH primitives merged into single LATCH primitive
    Info (13026): Duplicate LATCH primitive "ProgramExecution:progexe|red_leds[3]" merged with LATCH primitive "ProgramExecution:progexe|red_leds[0]" File: C:/Users/joaod/Desktop/2semestre/LSD/MiniProjeto/ProgramExecution.vhd Line: 33
    Info (13026): Duplicate LATCH primitive "ProgramExecution:progexe|red_leds[2]" merged with LATCH primitive "ProgramExecution:progexe|red_leds[0]" File: C:/Users/joaod/Desktop/2semestre/LSD/MiniProjeto/ProgramExecution.vhd Line: 33
    Info (13026): Duplicate LATCH primitive "ProgramExecution:progexe|red_leds[1]" merged with LATCH primitive "ProgramExecution:progexe|red_leds[0]" File: C:/Users/joaod/Desktop/2semestre/LSD/MiniProjeto/ProgramExecution.vhd Line: 33
    Info (13026): Duplicate LATCH primitive "ProgramExecution:progexe|green_leds[3]" merged with LATCH primitive "ProgramExecution:progexe|green_leds[0]" File: C:/Users/joaod/Desktop/2semestre/LSD/MiniProjeto/ProgramExecution.vhd Line: 37
    Info (13026): Duplicate LATCH primitive "ProgramExecution:progexe|green_leds[2]" merged with LATCH primitive "ProgramExecution:progexe|green_leds[0]" File: C:/Users/joaod/Desktop/2semestre/LSD/MiniProjeto/ProgramExecution.vhd Line: 37
    Info (13026): Duplicate LATCH primitive "ProgramExecution:progexe|green_leds[1]" merged with LATCH primitive "ProgramExecution:progexe|green_leds[0]" File: C:/Users/joaod/Desktop/2semestre/LSD/MiniProjeto/ProgramExecution.vhd Line: 37
Warning (13012): Latch ProgramExecution:progexe|red_leds[0] has unsafe behavior File: C:/Users/joaod/Desktop/2semestre/LSD/MiniProjeto/ProgramExecution.vhd Line: 33
    Warning (13013): Ports D and ENA on the latch are fed by the same signal SW[0] File: C:/Users/joaod/Desktop/2semestre/LSD/MiniProjeto/MiniProj_Demo.vhd Line: 7
    Warning (13013): Ports ENA and PRE on the latch are fed by the same signal SW[0] File: C:/Users/joaod/Desktop/2semestre/LSD/MiniProjeto/MiniProj_Demo.vhd Line: 7
Warning (13012): Latch ProgramExecution:progexe|green_leds[0] has unsafe behavior File: C:/Users/joaod/Desktop/2semestre/LSD/MiniProjeto/ProgramExecution.vhd Line: 37
    Warning (13013): Ports ENA and PRE on the latch are fed by the same signal SW[0] File: C:/Users/joaod/Desktop/2semestre/LSD/MiniProjeto/MiniProj_Demo.vhd Line: 7
Warning (13024): Output pins are stuck at VCC or GND
    Warning (13410): Pin "HEX0[1]" is stuck at GND File: C:/Users/joaod/Desktop/2semestre/LSD/MiniProjeto/MiniProj_Demo.vhd Line: 10
Info (286030): Timing-Driven Synthesis is running
Info (16010): Generating hard_block partition "hard_block:auto_generated_inst"
    Info (16011): Adding 0 node(s), including 0 DDIO, 0 PLL, 0 transceiver and 0 LCELL
Info (21057): Implemented 71 device resources after synthesis - the final resource count might be different
    Info (21058): Implemented 3 input pins
    Info (21059): Implemented 15 output pins
    Info (21061): Implemented 53 logic cells
Info: Quartus Prime Analysis & Synthesis was successful. 0 errors, 8 warnings
    Info: Peak virtual memory: 4892 megabytes
    Info: Processing ended: Tue Apr 16 11:58:57 2024
    Info: Elapsed time: 00:00:14
    Info: Total CPU time (on all processors): 00:00:22


